TN:
SF:dist\compNum.js
FN:4,compNum
FNF:1
FNH:1
FNDA:1,compNum
DA:2,1
DA:3,1
DA:5,1
DA:6,1
DA:7,1
DA:8,5
DA:9,5
DA:10,5
DA:11,29
DA:12,17
DA:13,17
DA:15,29
DA:17,5
DA:19,1
DA:21,1
LF:15
LH:15
BRDA:11,0,0,17
BRDA:11,0,1,12
BRDA:11,1,0,29
BRDA:11,1,1,29
BRF:4
BRH:4
end_of_record
TN:
SF:dist\readfile.js
FN:4,(anonymous_0)
FN:5,adopt
FN:8,(anonymous_2)
FN:12,(anonymous_3)
FN:13,fulfilled
FN:20,rejected
FN:27,step
FN:39,readfile
FN:40,(anonymous_8)
FN:44,(anonymous_9)
FNF:10
FNH:8
FNDA:1,(anonymous_0)
FNDA:1,adopt
FNDA:1,(anonymous_2)
FNDA:1,(anonymous_3)
FNDA:0,fulfilled
FNDA:1,rejected
FNDA:1,step
FNDA:1,readfile
FNDA:1,(anonymous_8)
FNDA:0,(anonymous_9)
DA:3,1
DA:6,1
DA:9,1
DA:12,1
DA:14,0
DA:15,0
DA:17,0
DA:21,1
DA:22,1
DA:24,1
DA:28,1
DA:32,1
DA:35,1
DA:36,1
DA:37,1
DA:38,1
DA:40,1
DA:41,1
DA:42,1
DA:43,1
DA:44,0
DA:45,0
DA:47,0
DA:50,1
LF:24
LH:18
BRDA:3,0,0,1
BRDA:3,0,1,1
BRDA:3,0,2,1
BRDA:6,1,0,0
BRDA:6,1,1,1
BRDA:12,2,0,1
BRDA:12,2,1,1
BRDA:28,3,0,0
BRDA:28,3,1,1
BRDA:32,4,0,1
BRDA:32,4,1,1
BRF:11
BRH:9
end_of_record
TN:
SF:dist\sumNum.js
FN:4,sumNum
FN:5,(anonymous_1)
FNF:2
FNH:2
FNDA:1,sumNum
FNDA:4,(anonymous_1)
DA:2,1
DA:3,1
DA:5,4
DA:6,1
DA:8,1
LF:5
LH:5
BRF:0
BRH:0
end_of_record
TN:
SF:lib\compNum.ts
FN:1,compNum
FNF:1
FNH:1
FNDA:1,compNum
DA:1,1
DA:2,1
DA:3,1
DA:4,1
DA:5,5
DA:6,5
DA:7,5
DA:8,29
DA:9,17
DA:10,17
DA:12,29
DA:14,5
DA:16,1
LF:13
LH:13
BRDA:8,0,0,17
BRDA:8,1,0,29
BRDA:8,1,1,29
BRF:3
BRH:3
end_of_record
TN:
SF:lib\readfile.ts
FN:4,readfile
FN:8,(anonymous_9)
FNF:2
FNH:2
FNDA:1,readfile
FNDA:4,(anonymous_9)
DA:1,1
DA:2,1
DA:4,1
DA:5,1
DA:6,1
DA:7,1
DA:8,1
DA:9,4
DA:11,1
LF:9
LH:9
BRF:0
BRH:0
end_of_record
TN:
SF:lib\sumNum.ts
FN:1,sumNum
FN:2,(anonymous_1)
FNF:2
FNH:2
FNDA:1,sumNum
FNDA:4,(anonymous_1)
DA:1,1
DA:2,4
DA:3,1
LF:3
LH:3
BRF:0
BRH:0
end_of_record
